/* -*- Mode: c -*- */
####################################################################################################
Core 0
####################################################################################################
Cumulative:        Cycles: 2100778               Instructions: 5000001               IPC: 2.38007

ST_OP_INV                                            0        0.000%                0        0.000%
ST_OP_NOP                                        23825        0.372%            23825        0.372%
ST_OP_CF                                       1012240       15.807%          1012240       15.807%
ST_OP_MOV                                      1752813       27.372%          1752813       27.372%
ST_OP_CMOV                                      304046        4.748%           304046        4.748%
ST_OP_LDA                                        23827        0.372%            23827        0.372%
ST_OP_IMEM                                     1528325       23.867%          1528325       23.867%
ST_OP_IADD                                     1007446       15.733%          1007446       15.733%
ST_OP_IMUL                                           2        0.000%                2        0.000%
ST_OP_IDIV                                           1        0.000%                1        0.000%
ST_OP_ICMP                                      470815        7.352%           470815        7.352%
ST_OP_LOGIC                                     280225        4.376%           280225        4.376%
ST_OP_SHIFT                                          1        0.000%                1        0.000%
ST_OP_FMEM                                           0        0.000%                0        0.000%
ST_OP_FCVT                                           0        0.000%                0        0.000%
ST_OP_FADD                                           0        0.000%                0        0.000%
ST_OP_FMUL                                           0        0.000%                0        0.000%
ST_OP_FMA                                            0        0.000%                0        0.000%
ST_OP_FDIV                                           0        0.000%                0        0.000%
ST_OP_FCMP                                           0        0.000%                0        0.000%
ST_OP_FCMOV                                          0        0.000%                0        0.000%
ST_OP_PIPELINED_FAST                                 0        0.000%                0        0.000%
ST_OP_PIPELINED_MEDIUM                               0        0.000%                0        0.000%
ST_OP_NOTPIPELINED_MEDIUM                            0        0.000%                0        0.000%
ST_OP_NOTPIPELINED_SLOW                              0        0.000%                0        0.000%
ST_OP_NOTPIPELINED_VERY_SLOW                         0        0.000%                0        0.000%
                                               6403566      100.000%          6403566      100.000%
                                                  5.10         2.63              5.10         2.63

ST_NOT_CF                                      5391326       84.193%          5391326       84.193%
ST_CF_BR                                          4802        0.075%             4802        0.075%
ST_CF_CBR                                       446992        6.980%           446992        6.980%
ST_CF_CALL                                           1        0.000%                1        0.000%
ST_CF_IBR                                            0        0.000%                0        0.000%
ST_CF_ICALL                                     280223        4.376%           280223        4.376%
ST_CF_ICO                                            0        0.000%                0        0.000%
ST_CF_RET                                       280222        4.376%           280222        4.376%
ST_CF_SYS                                            0        0.000%                0        0.000%
                                               6403566      100.000%          6403566      100.000%
                                                  0.67         1.64              0.67         1.64

ST_BAR_NONE                                    6403566      100.000%          6403566      100.000%
ST_BAR_FETCH                                         0        0.000%                0        0.000%
ST_BAR_ISSUE                                         0        0.000%                0        0.000%
ST_BAR_BOTH                                          0        0.000%                0        0.000%
                                               6403566      100.000%          6403566      100.000%
                                                  0.00         0.00              0.00         0.00

ST_NOT_MEM                                     4875241       76.133%          4875241       76.133%
ST_MEM_LD                                      1057494       16.514%          1057494       16.514%
ST_MEM_ST                                       470831        7.353%           470831        7.353%
ST_MEM_PF                                            0        0.000%                0        0.000%
ST_MEM_WH                                            0        0.000%                0        0.000%
ST_MEM_EVICT                                         0        0.000%                0        0.000%
                                               6403566      100.000%          6403566      100.000%
                                                  0.31         0.54              0.31         0.54

ST_NOT_MEM_OFFPATH                             1528361       79.285%          1528361       79.285%
ST_MEM_LD_OFFPATH                               284114       14.739%           284114       14.739%
ST_MEM_ST_OFFPATH                               115209        5.977%           115209        5.977%
ST_MEM_PF_OFFPATH                                    0        0.000%                0        0.000%
ST_MEM_WH_OFFPATH                                    0        0.000%                0        0.000%
ST_MEM_EVIC_OFFPATHT                                 0        0.000%                0        0.000%
                                               1927684      100.000%          1927684      100.000%
                                                  0.27         0.51              0.27         0.51

ST_OP_ONPATH                                   6403566                        6403566              

ST_OP_OFFPATH                                  1927684                        1927684              

ST_FAKE_OP_OFFPATH                                 624        0.032%              624        0.032%
ST_NOT_FAKE_OP_OFFPATH                         1927060       99.968%          1927060       99.968%
                                               1927684      100.000%          1927684      100.000%
                                                  1.00         1.00              1.00         1.00

ST_FAKE_REASON_NOT_FAKE                        1927060       99.968%          1927060       99.968%
ST_FAKE_REASON_REDIRECT_TO_NOT_INSTRUMENTED           624        0.032%              624        0.032%
ST_FAKE_REASON_RETURN_TO_NOT_INSTRUMENTED             0        0.000%                0        0.000%
ST_FAKE_REASON_NONRET_CF_TO_NOT_INSTRUMENTED             0        0.000%                0        0.000%
ST_FAKE_REASON_NOT_TAKEN_TO_NOT_INSTRUMENTED             0        0.000%                0        0.000%
                                               1927684      100.000%          1927684      100.000%
                                                  0.00         0.02              0.00         0.02

ST_INST_ONPATH                                 5000044                        5000044              

ST_INST_OFFPATH                                1419320                        1419320              

STATIC_PIN_NOP                                       0                              0              

DYNAMIC_PIN_REP_GREATER_256                          0                              0              



