/* -*- Mode: c -*- */
####################################################################################################
Core 0
####################################################################################################
Cumulative:        Cycles: 2100778               Instructions: 5000001               IPC: 2.38007

DCACHE_PREF_HIT                                      0                              0              

IFETCH_WB_FIRST_SCHEDULE                             0         -nan%                0         -nan%
PREFETCH_LAST_SCHEDULE                               0         -nan%                0         -nan%
DEMAND_PASS_PREF_SCHEDULE                            0         -nan%                0         -nan%
DEMAND_PASS_LOW_OP_SCHEDULE                          0         -nan%                0         -nan%
DEMAND_LAST_SCHEDULE                                 0         -nan%                0         -nan%
                                                     0         -nan%                0         -nan%
                                                  -nan         -nan              -nan         -nan

SEND_MISS_REQ_QUEUE                              17585                          17585              

L1_DATA_EVICT                                     1193                           1193              

STREAM_BUFFER_REQ                                    0                              0              

PREF_SEND_TO_MEM_REQ                                 0         -nan%                0         -nan%
PREF_SEND_TO_MEM_REQ_FAIL                            0         -nan%                0         -nan%
                                                     0         -nan%                0         -nan%
                                                  -nan         -nan              -nan         -nan

HIT_TRAIN_STREAM                                 17508       99.914%            17508       99.914%
MISS_TRAIN_STREAM                                   15        0.086%               15        0.086%
                                                 17523      100.000%            17523      100.000%
                                                  0.00         0.03              0.00         0.03

STREAM_TRAIN_CREATE                                  7                              7              

MEM_REQ_MISS_HWP_PREF_Q                              0         -nan%                0         -nan%
MEM_REQ_MISS_SW_PREF_Q                               0         -nan%                0         -nan%
MEM_REQ_MISS_IFETCH_Q                                0         -nan%                0         -nan%
MEM_REQ_MISS_DFETCH_Q                                0         -nan%                0         -nan%
MEM_REQ_MISS_DSTORE_Q                                0         -nan%                0         -nan%
MEM_REQ_MISS_DPRF_Q                                  0         -nan%                0         -nan%
MEM_REQ_MISS_WB_Q                                    0         -nan%                0         -nan%
                                                     0         -nan%                0         -nan%
                                                  -nan         -nan              -nan         -nan

PREF_HIT_BY_DEMAND_IFETCH                            0         -nan%                0         -nan%
PREF_HIT_BY_DEMAND_DFETCH                            0         -nan%                0         -nan%
PREF_HIT_BY_DEMAND_DSTORE                            0         -nan%                0         -nan%
PREF_HIT_BY_DEMAND_IPREF                             0         -nan%                0         -nan%
PREF_HIT_BY_DEMAND_DPRF                              0         -nan%                0         -nan%
PREF_HIT_BY_DEMAND_WB                                0         -nan%                0         -nan%
PREF_HIT_BY_PREF                                     0         -nan%                0         -nan%
                                                     0         -nan%                0         -nan%
                                                  -nan         -nan              -nan         -nan

PREF_HIT_DEMAND_IFETCH                               0         -nan%                0         -nan%
PREF_HIT_DEMAND_DFETCH                               0         -nan%                0         -nan%
PREF_HIT_DEMAND_DSTORE                               0         -nan%                0         -nan%
PREF_HIT_DEMAND_IPREF                                0         -nan%                0         -nan%
PREF_HIT_DEMAND_DPRF                                 0         -nan%                0         -nan%
PREF_HIT_DEMAND_WB                                   0         -nan%                0         -nan%
                                                     0         -nan%                0         -nan%
                                                  -nan         -nan              -nan         -nan

PREF_L1_FILL                                         0         -nan%                0         -nan%
DEMAND_L1_FILL                                       0         -nan%                0         -nan%
                                                     0         -nan%                0         -nan%
                                                  -nan         -nan              -nan         -nan

TOUCH_L1_REPLACE                                     0        0.000%                0        0.000%
NO_TOUCH_L1_REPLACE                               1193      100.000%             1193      100.000%
                                                  1193      100.000%             1193      100.000%
                                                  1.00         1.00              1.00         1.00

PREF_REQ_QUE_FULL                                    0                              0              

STREAM_REQ_QUEUE_HIT_BY_DEMAND                       0                              0              

L2HIT_STREAM_PREF_REQ_QUE_FULL                       0                              0              

L2HIT_HIT_TRAIN_STREAM                               0         -nan%                0         -nan%
L2HIT_MISS_TRAIN_STREAM                              0         -nan%                0         -nan%
                                                     0         -nan%                0         -nan%
                                                  -nan         -nan              -nan         -nan

L2HIT_STREAM_TRAIN_CREATE                            0                              0              

L2HIT_STREAM_BUFFER_REQ                              0                              0              

L2HIT_STREAM_PREF_DCACHE_HIT                         0         -nan%                0         -nan%
L2HIT_STREAM_PREF_DCACHE_INSERT                      0         -nan%                0         -nan%
L2HIT_STREAM_L2_MISS                                 0         -nan%                0         -nan%
                                                     0         -nan%                0         -nan%
                                                  -nan         -nan              -nan         -nan

L2HIT_STREAM_DCACHE_PORT_FULL                        0                              0              

L2HIT_STREAM_PREF_L1_PORT_FULL                       0                              0              

L2HIT_TRAIN_HIT_DEMAND                               0         -nan%                0         -nan%
L2HIT_TRAIN_MISS_REQ                                 0         -nan%                0         -nan%
                                                     0         -nan%                0         -nan%
                                                  -nan         -nan              -nan         -nan

L2HIT_TRAIN_FILTER_MISS                              0         -nan%                0         -nan%
L2HIT_TRAIN_FILTER_HIT                               0         -nan%                0         -nan%
                                                     0         -nan%                0         -nan%
                                                  -nan         -nan              -nan         -nan

L2HIT_PREF_REQ_DCACHE_HIT                            0         -nan%                0         -nan%
L2HIT_PREF_REQ_DCACHE_MISS                           0         -nan%                0         -nan%
                                                     0         -nan%                0         -nan%
                                                  -nan         -nan              -nan         -nan

L2HIT_L2SEND_Q_FULL                                  0         -nan%                0         -nan%
L2HIT_L2SEND_Q_ENTER                                 0         -nan%                0         -nan%
                                                     0         -nan%                0         -nan%
                                                  -nan         -nan              -nan         -nan

L2HIT_MEM_REQ                                        0                              0              

REMOVE_REDUNDANT_STREAM_STAT                         0                              0              

REPLACE_OLD_STREAM                                   0                              0              

REQ_SEND_QUEUE_STALL                                 0                              0              

STREAM_ENTER_RA                                      0                              0              

CORE_STREAM_LENGTH_0                                 0        0.000%                0        0.000%
CORE_STREAM_LENGTH_10                                0        0.000%                0        0.000%
CORE_STREAM_LENGTH_20                                0        0.000%                0        0.000%
CORE_STREAM_LENGTH_30                                0        0.000%                0        0.000%
CORE_STREAM_LENGTH_40                                0        0.000%                0        0.000%
CORE_STREAM_LENGTH_50                                0        0.000%                0        0.000%
CORE_STREAM_LENGTH_60                                0        0.000%                0        0.000%
CORE_STREAM_LENGTH_70                                0        0.000%                0        0.000%
CORE_STREAM_LENGTH_80                                0        0.000%                0        0.000%
CORE_STREAM_LENGTH_90                                0        0.000%                0        0.000%
CORE_STREAM_LENGTH_100_P                             2      100.000%                2      100.000%
                                                     2      100.000%                2      100.000%
                                                 10.00        14.14             10.00        14.14

CORE_CUM_STREAM_LENGTH_0                             0        0.000%                0        0.000%
CORE_CUM_STREAM_LENGTH_10                            0        0.000%                0        0.000%
CORE_CUM_STREAM_LENGTH_20                            0        0.000%                0        0.000%
CORE_CUM_STREAM_LENGTH_30                            0        0.000%                0        0.000%
CORE_CUM_STREAM_LENGTH_40                            0        0.000%                0        0.000%
CORE_CUM_STREAM_LENGTH_50                            0        0.000%                0        0.000%
CORE_CUM_STREAM_LENGTH_60                            0        0.000%                0        0.000%
CORE_CUM_STREAM_LENGTH_70                            0        0.000%                0        0.000%
CORE_CUM_STREAM_LENGTH_80                            0        0.000%                0        0.000%
CORE_CUM_STREAM_LENGTH_90                            0        0.000%                0        0.000%
CORE_CUM_STREAM_LENGTH_100_P                     17548      100.000%            17548      100.000%
                                                 17548      100.000%            17548      100.000%
                                                 10.00        10.00             10.00        10.00

CORE_STREAM_TRAIN_HITS_0                             0        0.000%                0        0.000%
CORE_STREAM_TRAIN_HITS_10                            0        0.000%                0        0.000%
CORE_STREAM_TRAIN_HITS_20                            0        0.000%                0        0.000%
CORE_STREAM_TRAIN_HITS_30                            0        0.000%                0        0.000%
CORE_STREAM_TRAIN_HITS_40                            0        0.000%                0        0.000%
CORE_STREAM_TRAIN_HITS_50                            0        0.000%                0        0.000%
CORE_STREAM_TRAIN_HITS_60                            0        0.000%                0        0.000%
CORE_STREAM_TRAIN_HITS_70                            0        0.000%                0        0.000%
CORE_STREAM_TRAIN_HITS_80                            0        0.000%                0        0.000%
CORE_STREAM_TRAIN_HITS_90                            0        0.000%                0        0.000%
CORE_STREAM_TRAIN_HITS_100_P                         2      100.000%                2      100.000%
                                                     2      100.000%                2      100.000%
                                                 10.00        14.14             10.00        14.14

CORE_CUM_STREAM_TRAIN_HITS_0                         0        0.000%                0        0.000%
CORE_CUM_STREAM_TRAIN_HITS_10                        0        0.000%                0        0.000%
CORE_CUM_STREAM_TRAIN_HITS_20                        0        0.000%                0        0.000%
CORE_CUM_STREAM_TRAIN_HITS_30                        0        0.000%                0        0.000%
CORE_CUM_STREAM_TRAIN_HITS_40                        0        0.000%                0        0.000%
CORE_CUM_STREAM_TRAIN_HITS_50                        0        0.000%                0        0.000%
CORE_CUM_STREAM_TRAIN_HITS_60                        0        0.000%                0        0.000%
CORE_CUM_STREAM_TRAIN_HITS_70                        0        0.000%                0        0.000%
CORE_CUM_STREAM_TRAIN_HITS_80                        0        0.000%                0        0.000%
CORE_CUM_STREAM_TRAIN_HITS_90                        0        0.000%                0        0.000%
CORE_CUM_STREAM_TRAIN_HITS_100_P                 17516      100.000%            17516      100.000%
                                                 17516      100.000%            17516      100.000%
                                                 10.00        10.00             10.00        10.00

CORE_STREAM_TRAIN_CREATE                             7                              7              



